[23664:30916:0107/083455.628:WARNING:chrome_main_delegate.cc(745)] This is Chrome version 128.0.6613.138 (not a warning)
[23664:30916:0107/083455.739:WARNING:account_consistency_mode_manager.cc(77)] Desktop Identity Consistency cannot be enabled as no OAuth client ID and client secret have been configured.
[34532:33824:0107/083510.958:ERROR:frame_impl.cc(537)] frame 5-5D0823B31E7700055F5BACBF68322A44 connection timeout
[23664:12648:0107/083514.859:ERROR:cast_crl.cc(443)] CRL - Verification failed.
[21700:24260:0107/104423.304:WARNING:frame_impl.cc(430)] virtual CefFrameImpl::SendProcessMessage sent to detached frame 6-B299E945D6E4FDDA3A92233FD64829BE will be ignored
[23664:30916:0107/120314.377:ERROR:device_event_log_impl.cc(196)] [12:03:14.175] USB: usb_service_win.cc:105 SetupDiGetDeviceProperty({{A45C254E-DF1C-4EFD-8020-67D146A850E0}, 6}) failed: Element not found. (0x490)
[23664:32460:0107/151952.848:WARNING:dns_config_service_win.cc(605)] Failed to read DnsConfig.
[42984:42636:0107/151952.848:WARNING:dns_config_service_win.cc(605)] Failed to read DnsConfig.
[23664:12648:0107/151958.283:ERROR:cast_crl.cc(443)] CRL - Verification failed.
[23664:12648:0107/174951.663:ERROR:cast_crl.cc(443)] CRL - Verification failed.
[23664:12648:0107/174951.663:ERROR:cast_crl.cc(443)] CRL - Verification failed.
[23664:12648:0107/191926.751:ERROR:cast_crl.cc(443)] CRL - Verification failed.
[23664:32460:0108/052059.455:WARNING:dns_config_service_win.cc(605)] Failed to read DnsConfig.
[42984:42636:0108/052059.464:WARNING:dns_config_service_win.cc(605)] Failed to read DnsConfig.
[42984:42636:0108/052059.477:WARNING:dns_config_service_win.cc(605)] Failed to read DnsConfig.
[23664:12648:0108/060635.916:ERROR:cast_crl.cc(443)] CRL - Verification failed.
[23664:12648:0108/060727.270:ERROR:cast_crl.cc(443)] CRL - Verification failed.
[42984:42636:0108/080704.050:WARNING:dns_config_service_win.cc(605)] Failed to read DnsConfig.
[23664:32460:0108/080704.050:WARNING:dns_config_service_win.cc(605)] Failed to read DnsConfig.
[23664:30916:0108/080707.781:ERROR:device_event_log_impl.cc(196)] [08:07:07.746] USB: usb_service_win.cc:105 SetupDiGetDeviceProperty({{A45C254E-DF1C-4EFD-8020-67D146A850E0}, 6}) failed: Element not found. (0x490)
[23664:12648:0108/080719.636:ERROR:cast_crl.cc(443)] CRL - Verification failed.
[23664:30916:0108/080804.429:ERROR:device_event_log_impl.cc(196)] [08:08:04.395] USB: usb_service_win.cc:105 SetupDiGetDeviceProperty({{A45C254E-DF1C-4EFD-8020-67D146A850E0}, 6}) failed: Element not found. (0x490)
[23664:12648:0108/085343.807:ERROR:cast_crl.cc(443)] CRL - Verification failed.
[23664:12648:0108/085348.856:ERROR:cast_crl.cc(443)] CRL - Verification failed.
[42984:31148:0108/151729.133:WARNING:dns_config_service_win.cc(605)] Failed to read DnsConfig.
[23664:32460:0108/151729.137:WARNING:dns_config_service_win.cc(605)] Failed to read DnsConfig.
[23664:30916:0108/151736.066:ERROR:device_event_log_impl.cc(196)] [15:17:35.789] USB: usb_service_win.cc:105 SetupDiGetDeviceProperty({{A45C254E-DF1C-4EFD-8020-67D146A850E0}, 6}) failed: Element not found. (0x490)
[23664:30916:0108/151736.147:ERROR:device_event_log_impl.cc(196)] [15:17:36.042] USB: usb_service_win.cc:105 SetupDiGetDeviceProperty({{A45C254E-DF1C-4EFD-8020-67D146A850E0}, 6}) failed: Element not found. (0x490)
[23664:12648:0108/151736.284:ERROR:cast_crl.cc(443)] CRL - Verification failed.
[23664:30916:0108/151830.794:ERROR:device_event_log_impl.cc(196)] [15:18:30.368] USB: usb_service_win.cc:105 SetupDiGetDeviceProperty({{A45C254E-DF1C-4EFD-8020-67D146A850E0}, 6}) failed: Element not found. (0x490)
[23664:30916:0108/151847.334:ERROR:device_event_log_impl.cc(196)] [15:18:47.164] USB: usb_service_win.cc:105 SetupDiGetDeviceProperty({{A45C254E-DF1C-4EFD-8020-67D146A850E0}, 6}) failed: Element not found. (0x490)
[23664:12648:0108/175323.154:ERROR:cast_crl.cc(443)] CRL - Verification failed.
[23664:12648:0108/175323.154:ERROR:cast_crl.cc(443)] CRL - Verification failed.
[42984:42636:0108/222605.038:WARNING:dns_config_service_win.cc(605)] Failed to read DnsConfig.
[23664:32460:0108/222605.056:WARNING:dns_config_service_win.cc(605)] Failed to read DnsConfig.
[23664:12648:0108/222606.912:ERROR:cast_crl.cc(443)] CRL - Verification failed.
[23664:30916:0108/222607.656:ERROR:device_event_log_impl.cc(196)] [22:26:07.493] USB: usb_service_win.cc:105 SetupDiGetDeviceProperty({{A45C254E-DF1C-4EFD-8020-67D146A850E0}, 6}) failed: Element not found. (0x490)
[23664:30916:0108/233116.256:ERROR:device_event_log_impl.cc(196)] [23:31:16.193] USB: usb_service_win.cc:105 SetupDiGetDeviceProperty({{A45C254E-DF1C-4EFD-8020-67D146A850E0}, 6}) failed: Element not found. (0x490)
[23664:12648:0109/022017.113:ERROR:cast_crl.cc(443)] CRL - Verification failed.
[42984:42636:0109/102244.343:WARNING:dns_config_service_win.cc(605)] Failed to read DnsConfig.
[23664:32460:0109/102244.346:WARNING:dns_config_service_win.cc(605)] Failed to read DnsConfig.
[23664:30916:0109/102254.841:ERROR:device_event_log_impl.cc(196)] [10:22:45.937] USB: usb_service_win.cc:105 SetupDiGetDeviceProperty({{A45C254E-DF1C-4EFD-8020-67D146A850E0}, 6}) failed: Element not found. (0x490)
[23664:12648:0109/102255.467:ERROR:cast_crl.cc(443)] CRL - Verification failed.
[23664:30916:0109/105433.808:ERROR:device_event_log_impl.cc(196)] [10:54:33.784] USB: usb_service_win.cc:105 SetupDiGetDeviceProperty({{A45C254E-DF1C-4EFD-8020-67D146A850E0}, 6}) failed: Element not found. (0x490)
[23664:30916:0109/105434.138:ERROR:device_event_log_impl.cc(196)] [10:54:33.841] USB: usb_service_win.cc:308 SetupDiEnumDeviceInterfaces: No more data is available. (0x103)
[23664:30916:0109/112203.791:ERROR:device_event_log_impl.cc(196)] [11:22:03.787] USB: usb_service_win.cc:105 SetupDiGetDeviceProperty({{A45C254E-DF1C-4EFD-8020-67D146A850E0}, 6}) failed: Element not found. (0x490)
[23664:30916:0109/112204.126:ERROR:device_event_log_impl.cc(196)] [11:22:03.996] USB: usb_service_win.cc:308 SetupDiEnumDeviceInterfaces: No more data is available. (0x103)
[23664:30916:0109/123929.565:ERROR:device_event_log_impl.cc(196)] [12:39:29.560] USB: usb_service_win.cc:105 SetupDiGetDeviceProperty({{A45C254E-DF1C-4EFD-8020-67D146A850E0}, 6}) failed: Element not found. (0x490)
[23664:30916:0109/123929.901:ERROR:device_event_log_impl.cc(196)] [12:39:29.654] USB: usb_service_win.cc:308 SetupDiEnumDeviceInterfaces: No more data is available. (0x103)
[23664:30916:0109/124424.921:ERROR:device_event_log_impl.cc(196)] [12:44:24.913] USB: usb_service_win.cc:105 SetupDiGetDeviceProperty({{A45C254E-DF1C-4EFD-8020-67D146A850E0}, 6}) failed: Element not found. (0x490)
[23664:30916:0109/124425.253:ERROR:device_event_log_impl.cc(196)] [12:44:25.131] USB: usb_service_win.cc:308 SetupDiEnumDeviceInterfaces: No more data is available. (0x103)
[42984:42636:0109/125336.719:WARNING:dns_config_service_win.cc(605)] Failed to read DnsConfig.
[23664:32460:0109/125336.720:WARNING:dns_config_service_win.cc(605)] Failed to read DnsConfig.
[23664:30916:0109/125337.796:ERROR:device_event_log_impl.cc(196)] [12:53:37.724] USB: usb_service_win.cc:105 SetupDiGetDeviceProperty({{A45C254E-DF1C-4EFD-8020-67D146A850E0}, 6}) failed: Element not found. (0x490)
[23664:12648:0109/125338.293:ERROR:cast_crl.cc(443)] CRL - Verification failed.
[23664:32460:0109/220733.178:WARNING:dns_config_service_win.cc(605)] Failed to read DnsConfig.
[42984:42636:0109/220733.231:WARNING:dns_config_service_win.cc(605)] Failed to read DnsConfig.
[23664:12648:0109/220744.871:ERROR:cast_crl.cc(443)] CRL - Verification failed.
[23664:30916:0109/220751.633:ERROR:extension_registrar.cc(549)] Failed to unregister service worker for extension efaidnbmnnnibpcajpcglclefindmkaj
[23664:12648:0109/225231.495:ERROR:cast_crl.cc(443)] CRL - Verification failed.
[42984:40188:0110/100122.732:WARNING:dns_config_service_win.cc(605)] Failed to read DnsConfig.
[23664:32460:0110/100122.733:WARNING:dns_config_service_win.cc(605)] Failed to read DnsConfig.
[23664:30916:0110/100144.914:ERROR:device_event_log_impl.cc(196)] [10:01:25.553] USB: usb_service_win.cc:105 SetupDiGetDeviceProperty({{A45C254E-DF1C-4EFD-8020-67D146A850E0}, 6}) failed: Element not found. (0x490)
[23664:30916:0110/100145.838:ERROR:device_event_log_impl.cc(196)] [10:01:45.041] USB: usb_service_win.cc:105 SetupDiGetDeviceProperty({{A45C254E-DF1C-4EFD-8020-67D146A850E0}, 6}) failed: Element not found. (0x490)
[23664:12648:0110/100156.714:ERROR:cast_crl.cc(443)] CRL - Verification failed.
